Arguments: 
  C:\Program Files\nodejs\node.exe C:\Program Files (x86)\Yarn\bin\yarn.js add vue-tabs-component

PATH: 
  C:\Users\willi\bin;C:\Program Files\Git\mingw64\bin;C:\Program Files\Git\usr\local\bin;C:\Program Files\Git\usr\bin;C:\Program Files\Git\usr\bin;C:\Program Files\Git\cmd;C:\Program Files (x86)\Common Files\Intel\Shared Libraries\redist\intel64\compiler;C:\Program Files (x86)\Common Files\Oracle\Java\javapath;C:\Program Files (x86)\Intel\Intel(R) Management Engine Components\iCLS;C:\Program Files\Intel\Intel(R) Management Engine Components\iCLS;C:\Windows\system32;C:\Windows;C:\Windows\System32\Wbem;C:\Windows\System32\WindowsPowerShell\v1.0;C:\Windows\System32\OpenSSH;C:\Program Files\Git\cmd;C:\Program Files (x86)\Intel\Intel(R) Management Engine Components\DAL;C:\Program Files\Intel\Intel(R) Management Engine Components\DAL;C:\Program Files (x86)\Intel\Intel(R) Management Engine Components\IPT;C:\Program Files\Intel\Intel(R) Management Engine Components\IPT;C:\Program Files (x86)\NVIDIA Corporation\PhysX\Common;C:\Program Files\nodejs;D:\workspace\.bin\php\php7.2.3;D:\workspace\.bin\php\php7.0.30;D:\workspace\.bin\mysql\mysql5.7.14\bin;C:\Program Files\nodejs;C:\Program Files\Java\jdk1.8.0_191\bin;D:\android\platform-tools;D:\workspace\.bin\gradle\gradle-4.9\bin;C:\ProgramData\ComposerSetup\bin;C:\Program Files\Intel\WiFi\bin;C:\Program Files\Common Files\Intel\WirelessCommon;D:\workspace\.bin\graphviz\bin;D:\workspace\.bin\php\php7.2.3-custom;C:\Program Files (x86)\Yarn\bin;C:\Python27;C:\Program Files\AMI\DuOS;C:\ffmpeg-20181208-6b1c4ce-win64-static\bin;C:\Program Files (x86)\Druide\Antidote 9\Application\Bin64;C:\Program Files (x86)\Druide\Antidote 9\Application\Bin32;C:\Users\willi\AppData\Local\Microsoft\WindowsApps;C:\Program Files\Microsoft VS Code\bin;C:\Users\willi\AppData\Roaming\npm;C:\Users\willi\AppData\Local\hyper\app-2.0.0\resources\bin;C:\Users\willi\AppData\Roaming\Composer\vendor\bin;C:\Users\willi\AppData\Local\Yarn\bin;C:\Program Files\Git\usr\bin\vendor_perl;C:\Program Files\Git\usr\bin\core_perl

Yarn version: 
  1.9.4

Node version: 
  8.11.4

Platform: 
  win32 x64

Trace: 
  Error: EPERM: operation not permitted, unlink 'D:\workspace\web\naoula\nova-components\NovaSettingsTool\node_modules\node-sass\vendor\win32-x64-57\binding.node'

npm manifest: 
  {
      "private": true,
      "scripts": {
          "dev": "npm run development",
          "development": "cross-env NODE_ENV=development node_modules/webpack/bin/webpack.js --progress --hide-modules --config=node_modules/laravel-mix/setup/webpack.config.js",
          "watch": "cross-env NODE_ENV=development node_modules/webpack/bin/webpack.js --watch --progress --hide-modules --config=node_modules/laravel-mix/setup/webpack.config.js",
          "watch-poll": "npm run watch -- --watch-poll",
          "hot": "cross-env NODE_ENV=development node_modules/webpack-dev-server/bin/webpack-dev-server.js --inline --hot --config=node_modules/laravel-mix/setup/webpack.config.js",
          "prod": "npm run production",
          "production": "cross-env NODE_ENV=production node_modules/webpack/bin/webpack.js --progress --hide-modules --config=node_modules/laravel-mix/setup/webpack.config.js"
      },
      "devDependencies": {
          "cross-env": "^5.0.0",
          "laravel-mix": "^1.0"
      },
      "dependencies": {
          "vue": "^2.5.0",
          "vue-tabs-component": "*"
      }
  }

yarn manifest: 
  No manifest

Lockfile: 
  No lockfile
